<?xml version="1.0" encoding="UTF-8"?>
<!-- Generated by org.testng.reporters.JUnitXMLReporter -->
<testsuite ignored="0" hostname="Sign-DnyaneshwarG" failures="0" tests="6" name="Default test" time="29.558" errors="0" timestamp="2025-12-31T16:14:28 IST">
  <testcase classname="AutomationPractice.AllTestCases" name="checkBox" time="0.272"/>
  <testcase classname="AutomationPractice.AllTestCases" name="dropDown" time="4.503"/>
  <testcase classname="AutomationPractice.AllTestCases" name="radioDemo" time="0.275"/>
  <testcase classname="AutomationPractice.AllTestCases" name="suggessionDemo" time="2.39"/>
  <testcase classname="AutomationPractice.AllTestCases" name="switchDemo" time="0.264"/>
  <testcase classname="AutomationPractice.AllTestCases" name="switchWindow" time="1.058"/>
</testsuite> <!-- Default test -->
