<?xml version="1.0" encoding="UTF-8"?>
<!-- Generated by org.testng.reporters.JUnitXMLReporter -->
<testsuite ignored="0" hostname="Sign-DnyaneshwarG" failures="0" tests="6" name="Default test" time="14.046" errors="0" timestamp="2025-12-31T16:24:53 IST">
  <testcase classname="AutomationPractice.AllTestCases" name="checkBox" time="0.268"/>
  <testcase classname="AutomationPractice.AllTestCases" name="dropDown" time="4.345"/>
  <testcase classname="AutomationPractice.AllTestCases" name="radioDemo" time="0.131"/>
  <testcase classname="AutomationPractice.AllTestCases" name="suggessionDemo" time="2.224"/>
  <testcase classname="AutomationPractice.AllTestCases" name="switchDemo" time="0.202"/>
  <testcase classname="AutomationPractice.AllTestCases" name="switchWindow" time="1.186"/>
</testsuite> <!-- Default test -->
