<?xml version="1.0" encoding="UTF-8"?>
<!-- Generated by org.testng.reporters.JUnitXMLReporter -->
<testsuite ignored="0" hostname="Sign-DnyaneshwarG" failures="0" tests="6" name="Test" time="30.509" errors="0" timestamp="2025-12-30T16:43:53 IST">
  <testcase classname="AutomationPractice.AllTestCases" name="checkBox" time="0.28"/>
  <testcase classname="AutomationPractice.AllTestCases" name="dropDown" time="4.665"/>
  <testcase classname="AutomationPractice.AllTestCases" name="radioDemo" time="0.278"/>
  <testcase classname="AutomationPractice.AllTestCases" name="suggessionDemo" time="2.265"/>
  <testcase classname="AutomationPractice.AllTestCases" name="switchDemo" time="0.147"/>
  <testcase classname="AutomationPractice.AllTestCases" name="switchWindow" time="1.116"/>
</testsuite> <!-- Test -->
