<?xml version="1.0" encoding="UTF-8"?>
<!-- Generated by org.testng.reporters.JUnitXMLReporter -->
<testsuite ignored="0" hostname="Sign-DnyaneshwarG" failures="0" tests="6" name="Test" time="30.598" errors="0" timestamp="2025-12-31T16:09:43 IST">
  <testcase classname="AutomationPractice.AllTestCases" name="checkBox" time="0.382"/>
  <testcase classname="AutomationPractice.AllTestCases" name="dropDown" time="4.513"/>
  <testcase classname="AutomationPractice.AllTestCases" name="radioDemo" time="0.269"/>
  <testcase classname="AutomationPractice.AllTestCases" name="suggessionDemo" time="3.435"/>
  <testcase classname="AutomationPractice.AllTestCases" name="switchDemo" time="0.257"/>
  <testcase classname="AutomationPractice.AllTestCases" name="switchWindow" time="1.084"/>
</testsuite> <!-- Test -->
