<?xml version="1.0" encoding="UTF-8"?>
<testng-results ignored="0" total="7" passed="6" failed="1" skipped="0">
  <reporter-output>
  </reporter-output>
  <suite started-at="2025-12-30T16:08:57 IST" name="Suite" finished-at="2025-12-30T16:09:43 IST" duration-ms="45943">
    <groups>
    </groups>
    <test started-at="2025-12-30T16:08:57 IST" name="Test" finished-at="2025-12-30T16:09:43 IST" duration-ms="45943">
      <class name="AutomationPractice.AllTestCases">
        <test-method is-config="true" signature="setupDriver()[pri:0, instance:AutomationPractice.AllTestCases@1165b38]" started-at="2025-12-30T16:08:57 IST" name="setupDriver" finished-at="2025-12-30T16:09:01 IST" duration-ms="3659" status="PASS">
          <reporter-output>
          </reporter-output>
        </test-method> <!-- setupDriver -->
        <test-method signature="checkBox()[pri:0, instance:AutomationPractice.AllTestCases@1165b38]" started-at="2025-12-30T16:09:01 IST" name="checkBox" finished-at="2025-12-30T16:09:01 IST" duration-ms="268" status="PASS">
          <reporter-output>
          </reporter-output>
        </test-method> <!-- checkBox -->
        <test-method is-config="true" signature="tearDown()[pri:0, instance:AutomationPractice.AllTestCases@1165b38]" started-at="2025-12-30T16:09:01 IST" name="tearDown" finished-at="2025-12-30T16:09:02 IST" duration-ms="186" status="PASS">
          <reporter-output>
          </reporter-output>
        </test-method> <!-- tearDown -->
        <test-method is-config="true" signature="setupDriver()[pri:0, instance:AutomationPractice.AllTestCases@1165b38]" started-at="2025-12-30T16:09:02 IST" name="setupDriver" finished-at="2025-12-30T16:09:05 IST" duration-ms="3217" status="PASS">
          <reporter-output>
          </reporter-output>
        </test-method> <!-- setupDriver -->
        <test-method signature="dropDown()[pri:0, instance:AutomationPractice.AllTestCases@1165b38]" started-at="2025-12-30T16:09:05 IST" name="dropDown" finished-at="2025-12-30T16:09:09 IST" duration-ms="4507" status="PASS">
          <reporter-output>
          </reporter-output>
        </test-method> <!-- dropDown -->
        <test-method is-config="true" signature="tearDown()[pri:0, instance:AutomationPractice.AllTestCases@1165b38]" started-at="2025-12-30T16:09:09 IST" name="tearDown" finished-at="2025-12-30T16:09:10 IST" duration-ms="196" status="PASS">
          <reporter-output>
          </reporter-output>
        </test-method> <!-- tearDown -->
        <test-method is-config="true" signature="setupDriver()[pri:0, instance:AutomationPractice.AllTestCases@1165b38]" started-at="2025-12-30T16:09:10 IST" name="setupDriver" finished-at="2025-12-30T16:09:13 IST" duration-ms="3253" status="PASS">
          <reporter-output>
          </reporter-output>
        </test-method> <!-- setupDriver -->
        <test-method signature="radioDemo()[pri:0, instance:AutomationPractice.AllTestCases@1165b38]" started-at="2025-12-30T16:09:13 IST" name="radioDemo" finished-at="2025-12-30T16:09:13 IST" duration-ms="296" status="PASS">
          <reporter-output>
          </reporter-output>
        </test-method> <!-- radioDemo -->
        <test-method is-config="true" signature="tearDown()[pri:0, instance:AutomationPractice.AllTestCases@1165b38]" started-at="2025-12-30T16:09:13 IST" name="tearDown" finished-at="2025-12-30T16:09:13 IST" duration-ms="198" status="PASS">
          <reporter-output>
          </reporter-output>
        </test-method> <!-- tearDown -->
        <test-method is-config="true" signature="setupDriver()[pri:0, instance:AutomationPractice.AllTestCases@1165b38]" started-at="2025-12-30T16:09:13 IST" name="setupDriver" finished-at="2025-12-30T16:09:16 IST" duration-ms="3150" status="PASS">
          <reporter-output>
          </reporter-output>
        </test-method> <!-- setupDriver -->
        <test-method signature="suggessionDemo()[pri:0, instance:AutomationPractice.AllTestCases@1165b38]" started-at="2025-12-30T16:09:16 IST" name="suggessionDemo" finished-at="2025-12-30T16:09:19 IST" duration-ms="2409" status="PASS">
          <reporter-output>
          </reporter-output>
        </test-method> <!-- suggessionDemo -->
        <test-method is-config="true" signature="tearDown()[pri:0, instance:AutomationPractice.AllTestCases@1165b38]" started-at="2025-12-30T16:09:19 IST" name="tearDown" finished-at="2025-12-30T16:09:19 IST" duration-ms="218" status="PASS">
          <reporter-output>
          </reporter-output>
        </test-method> <!-- tearDown -->
        <test-method is-config="true" signature="setupDriver()[pri:0, instance:AutomationPractice.AllTestCases@1165b38]" started-at="2025-12-30T16:09:19 IST" name="setupDriver" finished-at="2025-12-30T16:09:22 IST" duration-ms="2932" status="PASS">
          <reporter-output>
          </reporter-output>
        </test-method> <!-- setupDriver -->
        <test-method signature="switchDemo()[pri:0, instance:AutomationPractice.AllTestCases@1165b38]" started-at="2025-12-30T16:09:22 IST" name="switchDemo" finished-at="2025-12-30T16:09:22 IST" duration-ms="264" status="PASS">
          <reporter-output>
          </reporter-output>
        </test-method> <!-- switchDemo -->
        <test-method is-config="true" signature="tearDown()[pri:0, instance:AutomationPractice.AllTestCases@1165b38]" started-at="2025-12-30T16:09:22 IST" name="tearDown" finished-at="2025-12-30T16:09:22 IST" duration-ms="210" status="PASS">
          <reporter-output>
          </reporter-output>
        </test-method> <!-- tearDown -->
        <test-method is-config="true" signature="setupDriver()[pri:0, instance:AutomationPractice.AllTestCases@1165b38]" started-at="2025-12-30T16:09:22 IST" name="setupDriver" finished-at="2025-12-30T16:09:25 IST" duration-ms="3005" status="PASS">
          <reporter-output>
          </reporter-output>
        </test-method> <!-- setupDriver -->
        <test-method signature="switchWindow()[pri:0, instance:AutomationPractice.AllTestCases@1165b38]" started-at="2025-12-30T16:09:25 IST" name="switchWindow" finished-at="2025-12-30T16:09:26 IST" duration-ms="1023" status="PASS">
          <reporter-output>
          </reporter-output>
        </test-method> <!-- switchWindow -->
        <test-method is-config="true" signature="tearDown()[pri:0, instance:AutomationPractice.AllTestCases@1165b38]" started-at="2025-12-30T16:09:26 IST" name="tearDown" finished-at="2025-12-30T16:09:27 IST" duration-ms="183" status="PASS">
          <reporter-output>
          </reporter-output>
        </test-method> <!-- tearDown -->
        <test-method is-config="true" signature="setupDriver()[pri:0, instance:AutomationPractice.AllTestCases@1165b38]" started-at="2025-12-30T16:09:27 IST" name="setupDriver" finished-at="2025-12-30T16:09:31 IST" duration-ms="4813" status="PASS">
          <reporter-output>
          </reporter-output>
        </test-method> <!-- setupDriver -->
        <test-method signature="tabDemo()[pri:0, instance:AutomationPractice.AllTestCases@1165b38]" started-at="2025-12-30T16:09:31 IST" name="tabDemo" finished-at="2025-12-30T16:09:43 IST" duration-ms="11443" status="FAIL">
          <exception class="org.openqa.selenium.StaleElementReferenceException">
            <message>
              <![CDATA[stale element reference: stale element not found
  (Session info: chrome=143.0.7499.170)
For documentation on this error, please visit: https://www.selenium.dev/documentation/webdriver/troubleshooting/errors#stale-element-reference-exception
Build info: version: '4.17.0', revision: 'e52b1be057*'
System info: os.name: 'Windows 11', os.arch: 'amd64', os.version: '10.0', java.version: '21.0.7'
Driver info: org.openqa.selenium.chrome.ChromeDriver
Command: [bee9933a3019c42cb1e28cfbab6d8ec4, isElementDisplayed {id=f.B4893ED3888E800BF8CAD2C96CE9B33A.d.FAD92B50A0F1A8C6212E2555DABB9906.e.23}]
Capabilities {acceptInsecureCerts: false, browserName: chrome, browserVersion: 143.0.7499.170, chrome: {chromedriverVersion: 143.0.7499.169 (164b20aab62..., userDataDir: C:\Users\USLMY6\AppData\Loc...}, fedcm:accounts: true, goog:chromeOptions: {debuggerAddress: localhost:55790}, goog:processID: 20752, networkConnectionEnabled: false, pageLoadStrategy: normal, platformName: windows, proxy: Proxy(), se:cdp: ws://localhost:55790/devtoo..., se:cdpVersion: 143.0.7499.170, setWindowRect: true, strictFileInteractability: false, timeouts: {implicit: 0, pageLoad: 300000, script: 30000}, unhandledPromptBehavior: dismiss and notify, webauthn:extension:credBlob: true, webauthn:extension:largeBlob: true, webauthn:extension:minPinLength: true, webauthn:extension:prf: true, webauthn:virtualAuthenticators: true}
Element: [[ChromeDriver: chrome on windows (bee9933a3019c42cb1e28cfbab6d8ec4)] -> xpath: (//a[text()='Courses'])[1]]
Session ID: bee9933a3019c42cb1e28cfbab6d8ec4]]>
            </message>
            <full-stacktrace>
              <![CDATA[org.openqa.selenium.StaleElementReferenceException: stale element reference: stale element not found
  (Session info: chrome=143.0.7499.170)
For documentation on this error, please visit: https://www.selenium.dev/documentation/webdriver/troubleshooting/errors#stale-element-reference-exception
Build info: version: '4.17.0', revision: 'e52b1be057*'
System info: os.name: 'Windows 11', os.arch: 'amd64', os.version: '10.0', java.version: '21.0.7'
Driver info: org.openqa.selenium.chrome.ChromeDriver
Command: [bee9933a3019c42cb1e28cfbab6d8ec4, isElementDisplayed {id=f.B4893ED3888E800BF8CAD2C96CE9B33A.d.FAD92B50A0F1A8C6212E2555DABB9906.e.23}]
Capabilities {acceptInsecureCerts: false, browserName: chrome, browserVersion: 143.0.7499.170, chrome: {chromedriverVersion: 143.0.7499.169 (164b20aab62..., userDataDir: C:\Users\USLMY6\AppData\Loc...}, fedcm:accounts: true, goog:chromeOptions: {debuggerAddress: localhost:55790}, goog:processID: 20752, networkConnectionEnabled: false, pageLoadStrategy: normal, platformName: windows, proxy: Proxy(), se:cdp: ws://localhost:55790/devtoo..., se:cdpVersion: 143.0.7499.170, setWindowRect: true, strictFileInteractability: false, timeouts: {implicit: 0, pageLoad: 300000, script: 30000}, unhandledPromptBehavior: dismiss and notify, webauthn:extension:credBlob: true, webauthn:extension:largeBlob: true, webauthn:extension:minPinLength: true, webauthn:extension:prf: true, webauthn:virtualAuthenticators: true}
Element: [[ChromeDriver: chrome on windows (bee9933a3019c42cb1e28cfbab6d8ec4)] -> xpath: (//a[text()='Courses'])[1]]
Session ID: bee9933a3019c42cb1e28cfbab6d8ec4
at java.base/jdk.internal.reflect.DirectConstructorHandleAccessor.newInstance(DirectConstructorHandleAccessor.java:62)
at java.base/java.lang.reflect.Constructor.newInstanceWithCaller(Constructor.java:502)
at java.base/java.lang.reflect.Constructor.newInstance(Constructor.java:486)
at org.openqa.selenium.remote.codec.w3c.W3CHttpResponseCodec.createException(W3CHttpResponseCodec.java:185)
at org.openqa.selenium.remote.codec.w3c.W3CHttpResponseCodec.decode(W3CHttpResponseCodec.java:134)
at org.openqa.selenium.remote.codec.w3c.W3CHttpResponseCodec.decode(W3CHttpResponseCodec.java:51)
at org.openqa.selenium.remote.HttpCommandExecutor.execute(HttpCommandExecutor.java:190)
at org.openqa.selenium.remote.service.DriverCommandExecutor.invokeExecute(DriverCommandExecutor.java:216)
at org.openqa.selenium.remote.service.DriverCommandExecutor.execute(DriverCommandExecutor.java:174)
at org.openqa.selenium.remote.RemoteWebDriver.execute(RemoteWebDriver.java:519)
at org.openqa.selenium.remote.RemoteWebElement.execute(RemoteWebElement.java:223)
at org.openqa.selenium.remote.RemoteWebElement.isDisplayed(RemoteWebElement.java:282)
at AutomationPractice.AllTestCases.tabDemo(AllTestCases.java:154)
at java.base/jdk.internal.reflect.DirectMethodHandleAccessor.invoke(DirectMethodHandleAccessor.java:103)
at java.base/java.lang.reflect.Method.invoke(Method.java:580)
at org.testng.internal.invokers.MethodInvocationHelper.invokeMethod(MethodInvocationHelper.java:141)
at org.testng.internal.invokers.TestInvoker.invokeMethod(TestInvoker.java:687)
at org.testng.internal.invokers.TestInvoker.invokeTestMethod(TestInvoker.java:230)
at org.testng.internal.invokers.MethodRunner.runInSequence(MethodRunner.java:63)
at org.testng.internal.invokers.TestInvoker$MethodInvocationAgent.invoke(TestInvoker.java:995)
at org.testng.internal.invokers.TestInvoker.invokeTestMethods(TestInvoker.java:203)
at org.testng.internal.invokers.TestMethodWorker.invokeTestMethods(TestMethodWorker.java:154)
at org.testng.internal.invokers.TestMethodWorker.run(TestMethodWorker.java:134)
at java.base/java.util.ArrayList.forEach(ArrayList.java:1596)
at org.testng.TestRunner.privateRun(TestRunner.java:741)
at org.testng.TestRunner.run(TestRunner.java:616)
at org.testng.SuiteRunner.runTest(SuiteRunner.java:421)
at org.testng.SuiteRunner.runSequentially(SuiteRunner.java:413)
at org.testng.SuiteRunner.privateRun(SuiteRunner.java:373)
at org.testng.SuiteRunner.run(SuiteRunner.java:312)
at org.testng.SuiteRunnerWorker.runSuite(SuiteRunnerWorker.java:52)
at org.testng.SuiteRunnerWorker.run(SuiteRunnerWorker.java:95)
at org.testng.TestNG.runSuitesSequentially(TestNG.java:1274)
at org.testng.TestNG.runSuitesLocally(TestNG.java:1208)
at org.testng.TestNG.runSuites(TestNG.java:1112)
at org.testng.TestNG.run(TestNG.java:1079)
at org.testng.remote.AbstractRemoteTestNG.run(AbstractRemoteTestNG.java:115)
at org.testng.remote.RemoteTestNG.initAndRun(RemoteTestNG.java:293)
at org.testng.remote.RemoteTestNG.main(RemoteTestNG.java:91)
]]>
            </full-stacktrace>
          </exception> <!-- org.openqa.selenium.StaleElementReferenceException -->
          <reporter-output>
          </reporter-output>
        </test-method> <!-- tabDemo -->
        <test-method is-config="true" signature="tearDown()[pri:0, instance:AutomationPractice.AllTestCases@1165b38]" started-at="2025-12-30T16:09:43 IST" name="tearDown" finished-at="2025-12-30T16:09:43 IST" duration-ms="458" status="PASS">
          <reporter-output>
          </reporter-output>
        </test-method> <!-- tearDown -->
      </class> <!-- AutomationPractice.AllTestCases -->
    </test> <!-- Test -->
  </suite> <!-- Suite -->
</testng-results>
