<?xml version="1.0" encoding="UTF-8"?>
<testng-results ignored="0" total="1" passed="1" failed="0" skipped="0">
  <reporter-output>
  </reporter-output>
  <suite started-at="2025-12-30T15:40:43 IST" name="Default suite" finished-at="2025-12-30T15:40:47 IST" duration-ms="4092">
    <groups>
    </groups>
    <test started-at="2025-12-30T15:40:43 IST" name="Default test" finished-at="2025-12-30T15:40:47 IST" duration-ms="4092">
      <class name="AutomationPractice.AllTestCases">
        <test-method is-config="true" signature="setupDriver()[pri:0, instance:AutomationPractice.AllTestCases@4c402120]" started-at="2025-12-30T15:40:43 IST" name="setupDriver" finished-at="2025-12-30T15:40:47 IST" duration-ms="3886" status="PASS">
          <reporter-output>
          </reporter-output>
        </test-method> <!-- setupDriver -->
        <test-method signature="switchDemo()[pri:0, instance:AutomationPractice.AllTestCases@4c402120]" started-at="2025-12-30T15:40:47 IST" name="switchDemo" finished-at="2025-12-30T15:40:47 IST" duration-ms="158" status="PASS">
          <reporter-output>
          </reporter-output>
        </test-method> <!-- switchDemo -->
      </class> <!-- AutomationPractice.AllTestCases -->
    </test> <!-- Default test -->
  </suite> <!-- Default suite -->
</testng-results>
