<?xml version="1.0" encoding="UTF-8"?>
<!-- Generated by org.testng.reporters.JUnitReportReporter -->
<testsuite hostname="Sign-DnyaneshwarG" failures="0" tests="6" name="AutomationPractice.AllTestCases" time="30.465" errors="0" timestamp="2025-12-30T16:43:53 IST" skipped="0">
  <testcase classname="AutomationPractice.AllTestCases" name="dropDown" time="8.003"/>
  <testcase classname="AutomationPractice.AllTestCases" name="radioDemo" time="3.698"/>
  <testcase classname="AutomationPractice.AllTestCases" name="suggessionDemo" time="5.585"/>
  <testcase classname="AutomationPractice.AllTestCases" name="checkBox" time="3.738"/>
  <testcase classname="AutomationPractice.AllTestCases" name="switchWindow" time="5.818"/>
  <testcase classname="AutomationPractice.AllTestCases" name="switchDemo" time="3.623"/>
</testsuite> <!-- AutomationPractice.AllTestCases -->
