<?xml version="1.0" encoding="UTF-8"?>
<!-- Generated by org.testng.reporters.JUnitReportReporter -->
<testsuite hostname="Sign-DnyaneshwarG" failures="0" tests="6" name="AutomationPractice.AllTestCases" time="30.545" errors="0" timestamp="2025-12-31T16:09:43 IST" skipped="0">
  <testcase classname="AutomationPractice.AllTestCases" name="radioDemo" time="3.347"/>
  <testcase classname="AutomationPractice.AllTestCases" name="suggessionDemo" time="6.594"/>
  <testcase classname="AutomationPractice.AllTestCases" name="checkBox" time="3.637"/>
  <testcase classname="AutomationPractice.AllTestCases" name="switchWindow" time="4.298"/>
  <testcase classname="AutomationPractice.AllTestCases" name="dropDown" time="9.311"/>
  <testcase classname="AutomationPractice.AllTestCases" name="switchDemo" time="3.358"/>
</testsuite> <!-- AutomationPractice.AllTestCases -->
