<?xml version="1.0" encoding="UTF-8"?>
<!-- Generated by org.testng.reporters.JUnitReportReporter -->
<testsuite hostname="Sign-DnyaneshwarG" failures="0" tests="6" name="AutomationPractice.AllTestCases" time="29.498" errors="0" timestamp="2025-12-31T16:14:28 IST" skipped="0">
  <testcase classname="AutomationPractice.AllTestCases" name="dropDown" time="7.831"/>
  <testcase classname="AutomationPractice.AllTestCases" name="checkBox" time="3.681"/>
  <testcase classname="AutomationPractice.AllTestCases" name="radioDemo" time="3.891"/>
  <testcase classname="AutomationPractice.AllTestCases" name="suggessionDemo" time="5.714"/>
  <testcase classname="AutomationPractice.AllTestCases" name="switchWindow" time="4.839"/>
  <testcase classname="AutomationPractice.AllTestCases" name="switchDemo" time="3.542"/>
</testsuite> <!-- AutomationPractice.AllTestCases -->
